{"message":"::1 - - [12/Feb/2019:18:30:34 +0000] \"GET / HTTP/1.1\" 200 7471\n","level":"info"}
{"message":"::1 - - [12/Feb/2019:18:30:34 +0000] \"GET /javascripts/jquery.js HTTP/1.1\" 200 282115\n","level":"info"}
{"message":"::1 - - [12/Feb/2019:18:30:34 +0000] \"GET /stylesheets/style.css HTTP/1.1\" 200 5019\n","level":"info"}
{"message":"::1 - - [12/Feb/2019:18:30:34 +0000] \"GET /stylesheets/carousel.css HTTP/1.1\" 200 3823\n","level":"info"}
{"message":"::1 - - [12/Feb/2019:18:30:34 +0000] \"GET /stylesheets/bootstrap.css HTTP/1.1\" 200 182448\n","level":"info"}
{"message":"::1 - - [12/Feb/2019:18:30:34 +0000] \"GET /images/Header.jpg HTTP/1.1\" 200 590135\n","level":"info"}
{"message":"::1 - - [12/Feb/2019:18:30:35 +0000] \"GET /images/LinkedIn-Logo.png HTTP/1.1\" 200 3661\n","level":"info"}
{"message":"::1 - - [12/Feb/2019:18:30:35 +0000] \"GET /images/Portrait-ManonThijssen.jpg HTTP/1.1\" 200 62110\n","level":"info"}
{"message":"::1 - - [12/Feb/2019:18:30:35 +0000] \"GET /images/Portrait-PeterDuifhuis.jpg HTTP/1.1\" 200 26624\n","level":"info"}
{"message":"::1 - - [12/Feb/2019:18:30:35 +0000] \"GET /images/Portrait-PaulienVanBentum.jpg HTTP/1.1\" 200 27227\n","level":"info"}
{"message":"404 - Not Found - /favicon.ico - GET - ::ffff:127.0.0.1","level":"error"}
{"message":"::ffff:127.0.0.1 - - [12/Feb/2019:18:30:38 +0000] \"GET /favicon.ico HTTP/1.1\" 404 2248\n","level":"info"}
{"message":"::ffff:127.0.0.1 - - [12/Feb/2019:18:30:39 +0000] \"GET /workexperience HTTP/1.1\" 200 8591\n","level":"info"}
{"message":"::1 - - [12/Feb/2019:18:30:39 +0000] \"GET /workexperience HTTP/1.1\" 200 8591\n","level":"info"}
{"message":"::1 - - [12/Feb/2019:18:30:39 +0000] \"GET /stylesheets/bootstrap.css HTTP/1.1\" 304 -\n","level":"info"}
{"message":"::1 - - [12/Feb/2019:18:30:39 +0000] \"GET /stylesheets/style.css HTTP/1.1\" 304 -\n","level":"info"}
{"message":"::1 - - [12/Feb/2019:18:30:39 +0000] \"GET /javascripts/jquery.js HTTP/1.1\" 304 -\n","level":"info"}
{"message":"::1 - - [12/Feb/2019:18:30:39 +0000] \"GET /stylesheets/projectBoxes.css HTTP/1.1\" 200 1962\n","level":"info"}
{"message":"::1 - - [12/Feb/2019:18:30:39 +0000] \"GET /stylesheets/working-experience.css HTTP/1.1\" 200 684\n","level":"info"}
{"message":"::1 - - [12/Feb/2019:18:30:39 +0000] \"GET /images/Header.jpg HTTP/1.1\" 304 -\n","level":"info"}
{"message":"::1 - - [12/Feb/2019:18:30:39 +0000] \"GET /stylesheets/bootstrap-grid.css HTTP/1.1\" 200 33655\n","level":"info"}
{"message":"::1 - - [12/Feb/2019:18:30:39 +0000] \"GET /stylesheets/bootstrap-reboot.css HTTP/1.1\" 200 5305\n","level":"info"}
{"message":"::1 - - [12/Feb/2019:18:30:39 +0000] \"GET /images/Arduino-collage.jpg HTTP/1.1\" 200 408413\n","level":"info"}
{"message":"::1 - - [12/Feb/2019:18:30:39 +0000] \"GET /images/gc-practical.jpg HTTP/1.1\" 200 225290\n","level":"info"}
{"message":"::1 - - [12/Feb/2019:18:30:39 +0000] \"GET /images/unity.jpg HTTP/1.1\" 200 79213\n","level":"info"}
{"message":"::1 - - [12/Feb/2019:18:33:52 +0000] \"GET /workexperience HTTP/1.1\" 304 -\n","level":"info"}
{"message":"::1 - - [12/Feb/2019:18:33:52 +0000] \"GET /stylesheets/style.css HTTP/1.1\" 304 -\n","level":"info"}
{"message":"::1 - - [12/Feb/2019:18:33:52 +0000] \"GET /stylesheets/bootstrap.css HTTP/1.1\" 304 -\n","level":"info"}
{"message":"::1 - - [12/Feb/2019:18:33:52 +0000] \"GET /stylesheets/bootstrap-grid.css HTTP/1.1\" 304 -\n","level":"info"}
{"message":"::1 - - [12/Feb/2019:18:33:52 +0000] \"GET /stylesheets/bootstrap-reboot.css HTTP/1.1\" 304 -\n","level":"info"}
{"message":"::1 - - [12/Feb/2019:18:33:52 +0000] \"GET /stylesheets/projectBoxes.css HTTP/1.1\" 304 -\n","level":"info"}
{"message":"::1 - - [12/Feb/2019:18:33:52 +0000] \"GET /stylesheets/working-experience.css HTTP/1.1\" 304 -\n","level":"info"}
{"message":"::1 - - [12/Feb/2019:18:33:52 +0000] \"GET /javascripts/jquery.js HTTP/1.1\" 304 -\n","level":"info"}
{"message":"::1 - - [12/Feb/2019:18:33:52 +0000] \"GET /images/Header.jpg HTTP/1.1\" 304 -\n","level":"info"}
{"message":"::1 - - [12/Feb/2019:18:33:52 +0000] \"GET /images/Arduino-collage.jpg HTTP/1.1\" 304 -\n","level":"info"}
{"message":"::1 - - [12/Feb/2019:18:33:52 +0000] \"GET /images/gc-practical.jpg HTTP/1.1\" 304 -\n","level":"info"}
{"message":"::1 - - [12/Feb/2019:18:33:52 +0000] \"GET /images/unity.jpg HTTP/1.1\" 200 91057\n","level":"info"}
{"message":"::1 - - [12/Feb/2019:19:00:44 +0000] \"GET /workexperience HTTP/1.1\" 200 7332\n","level":"info"}
{"message":"::1 - - [12/Feb/2019:19:00:44 +0000] \"GET /stylesheets/bootstrap.css HTTP/1.1\" 304 -\n","level":"info"}
{"message":"::1 - - [12/Feb/2019:19:00:44 +0000] \"GET /stylesheets/style.css HTTP/1.1\" 304 -\n","level":"info"}
{"message":"::1 - - [12/Feb/2019:19:00:44 +0000] \"GET /stylesheets/bootstrap-grid.css HTTP/1.1\" 304 -\n","level":"info"}
{"message":"::1 - - [12/Feb/2019:19:00:44 +0000] \"GET /stylesheets/bootstrap-reboot.css HTTP/1.1\" 304 -\n","level":"info"}
{"message":"::1 - - [12/Feb/2019:19:00:44 +0000] \"GET /stylesheets/projectBoxes.css HTTP/1.1\" 304 -\n","level":"info"}
{"message":"::1 - - [12/Feb/2019:19:00:44 +0000] \"GET /stylesheets/working-experience.css HTTP/1.1\" 304 -\n","level":"info"}
{"message":"::1 - - [12/Feb/2019:19:00:44 +0000] \"GET /javascripts/jquery.js HTTP/1.1\" 304 -\n","level":"info"}
{"message":"::1 - - [12/Feb/2019:19:00:44 +0000] \"GET /images/Header.jpg HTTP/1.1\" 304 -\n","level":"info"}
{"message":"::1 - - [12/Feb/2019:19:00:44 +0000] \"GET /images/Arduino-collage.jpg HTTP/1.1\" 304 -\n","level":"info"}
{"message":"::1 - - [12/Feb/2019:19:00:44 +0000] \"GET /images/unity.jpg HTTP/1.1\" 304 -\n","level":"info"}
{"message":"::1 - - [12/Feb/2019:19:00:44 +0000] \"GET /images/gc-practical.jpg HTTP/1.1\" 304 -\n","level":"info"}
{"message":"::1 - - [12/Feb/2019:19:02:34 +0000] \"GET /workexperience HTTP/1.1\" 200 7450\n","level":"info"}
{"message":"::1 - - [12/Feb/2019:19:02:34 +0000] \"GET /stylesheets/bootstrap.css HTTP/1.1\" 304 -\n","level":"info"}
{"message":"::1 - - [12/Feb/2019:19:02:34 +0000] \"GET /stylesheets/style.css HTTP/1.1\" 304 -\n","level":"info"}
{"message":"::1 - - [12/Feb/2019:19:02:34 +0000] \"GET /stylesheets/bootstrap-grid.css HTTP/1.1\" 304 -\n","level":"info"}
{"message":"::1 - - [12/Feb/2019:19:02:34 +0000] \"GET /stylesheets/bootstrap-reboot.css HTTP/1.1\" 304 -\n","level":"info"}
{"message":"::1 - - [12/Feb/2019:19:02:34 +0000] \"GET /stylesheets/projectBoxes.css HTTP/1.1\" 304 -\n","level":"info"}
{"message":"::1 - - [12/Feb/2019:19:02:34 +0000] \"GET /stylesheets/working-experience.css HTTP/1.1\" 304 -\n","level":"info"}
{"message":"::1 - - [12/Feb/2019:19:02:34 +0000] \"GET /javascripts/jquery.js HTTP/1.1\" 304 -\n","level":"info"}
{"message":"::1 - - [12/Feb/2019:19:02:34 +0000] \"GET /images/Header.jpg HTTP/1.1\" 304 -\n","level":"info"}
{"message":"::1 - - [12/Feb/2019:19:02:34 +0000] \"GET /images/Arduino-collage.jpg HTTP/1.1\" 304 -\n","level":"info"}
{"message":"::1 - - [12/Feb/2019:19:02:34 +0000] \"GET /images/unity.jpg HTTP/1.1\" 304 -\n","level":"info"}
{"message":"::1 - - [12/Feb/2019:19:03:58 +0000] \"GET /workexperience HTTP/1.1\" 200 7482\n","level":"info"}
{"message":"::1 - - [12/Feb/2019:19:03:58 +0000] \"GET /stylesheets/bootstrap.css HTTP/1.1\" 304 -\n","level":"info"}
{"message":"::1 - - [12/Feb/2019:19:03:58 +0000] \"GET /stylesheets/style.css HTTP/1.1\" 304 -\n","level":"info"}
{"message":"::1 - - [12/Feb/2019:19:03:58 +0000] \"GET /stylesheets/bootstrap-grid.css HTTP/1.1\" 304 -\n","level":"info"}
{"message":"::1 - - [12/Feb/2019:19:03:58 +0000] \"GET /stylesheets/bootstrap-reboot.css HTTP/1.1\" 304 -\n","level":"info"}
{"message":"::1 - - [12/Feb/2019:19:03:58 +0000] \"GET /stylesheets/projectBoxes.css HTTP/1.1\" 304 -\n","level":"info"}
{"message":"::1 - - [12/Feb/2019:19:03:58 +0000] \"GET /stylesheets/working-experience.css HTTP/1.1\" 304 -\n","level":"info"}
{"message":"::1 - - [12/Feb/2019:19:03:58 +0000] \"GET /javascripts/jquery.js HTTP/1.1\" 304 -\n","level":"info"}
{"message":"::1 - - [12/Feb/2019:19:03:58 +0000] \"GET /images/Header.jpg HTTP/1.1\" 304 -\n","level":"info"}
{"message":"::1 - - [12/Feb/2019:19:03:58 +0000] \"GET /images/Arduino-collage.jpg HTTP/1.1\" 304 -\n","level":"info"}
{"message":"::1 - - [12/Feb/2019:19:03:58 +0000] \"GET /images/unity.jpg HTTP/1.1\" 304 -\n","level":"info"}
{"message":"500 - D:\\Code Repositories\\Websites\\Portfolio\\views\\workexperience.jade:99\n    97|         | For the scientific television program for children, Willem Wever, I have worked behind the scenes to make the content.\r\n    98|         | The activities consisted of:\r\n  > 99|           ul\r\n    100|             li proposing subjects and experiments to perform on television.\r\n    101|             li advising the moderators about the correct explanation of the content.\r\n    102|         | The episodes with content were displayed on the Dutch television from April 2016.\r\n\nunexpected token \"indent\" - /workexperience - GET - ::1","level":"error"}
{"message":"::1 - - [12/Feb/2019:20:15:14 +0000] \"GET /workexperience HTTP/1.1\" 500 2835\n","level":"info"}
{"message":"::1 - - [12/Feb/2019:20:15:14 +0000] \"GET /stylesheets/bootstrap.css HTTP/1.1\" 304 -\n","level":"info"}
{"message":"::1 - - [12/Feb/2019:20:15:14 +0000] \"GET /stylesheets/style.css HTTP/1.1\" 304 -\n","level":"info"}
{"message":"::1 - - [12/Feb/2019:20:15:14 +0000] \"GET /javascripts/jquery.js HTTP/1.1\" 304 -\n","level":"info"}
{"message":"::1 - - [12/Feb/2019:20:15:14 +0000] \"GET /images/Header.jpg HTTP/1.1\" 304 -\n","level":"info"}
{"message":"::1 - - [12/Feb/2019:20:15:45 +0000] \"GET /workexperience HTTP/1.1\" 200 7482\n","level":"info"}
{"message":"::1 - - [12/Feb/2019:20:15:45 +0000] \"GET /stylesheets/bootstrap.css HTTP/1.1\" 304 -\n","level":"info"}
{"message":"::1 - - [12/Feb/2019:20:15:45 +0000] \"GET /stylesheets/style.css HTTP/1.1\" 304 -\n","level":"info"}
{"message":"::1 - - [12/Feb/2019:20:15:45 +0000] \"GET /stylesheets/bootstrap-grid.css HTTP/1.1\" 304 -\n","level":"info"}
{"message":"::1 - - [12/Feb/2019:20:15:45 +0000] \"GET /stylesheets/bootstrap-reboot.css HTTP/1.1\" 304 -\n","level":"info"}
{"message":"::1 - - [12/Feb/2019:20:15:45 +0000] \"GET /stylesheets/projectBoxes.css HTTP/1.1\" 304 -\n","level":"info"}
{"message":"::1 - - [12/Feb/2019:20:15:45 +0000] \"GET /stylesheets/working-experience.css HTTP/1.1\" 304 -\n","level":"info"}
{"message":"::1 - - [12/Feb/2019:20:15:45 +0000] \"GET /javascripts/jquery.js HTTP/1.1\" 304 -\n","level":"info"}
{"message":"::1 - - [12/Feb/2019:20:15:45 +0000] \"GET /images/Header.jpg HTTP/1.1\" 304 -\n","level":"info"}
{"message":"::1 - - [12/Feb/2019:20:15:45 +0000] \"GET /images/Arduino-collage.jpg HTTP/1.1\" 304 -\n","level":"info"}
{"message":"::1 - - [12/Feb/2019:20:15:45 +0000] \"GET /images/unity.jpg HTTP/1.1\" 304 -\n","level":"info"}
{"message":"::1 - - [12/Feb/2019:20:15:56 +0000] \"GET /workexperience HTTP/1.1\" 304 -\n","level":"info"}
{"message":"::1 - - [12/Feb/2019:20:15:56 +0000] \"GET /stylesheets/bootstrap.css HTTP/1.1\" 304 -\n","level":"info"}
{"message":"::1 - - [12/Feb/2019:20:15:56 +0000] \"GET /stylesheets/style.css HTTP/1.1\" 304 -\n","level":"info"}
{"message":"::1 - - [12/Feb/2019:20:15:56 +0000] \"GET /stylesheets/bootstrap-grid.css HTTP/1.1\" 304 -\n","level":"info"}
{"message":"::1 - - [12/Feb/2019:20:15:56 +0000] \"GET /stylesheets/bootstrap-reboot.css HTTP/1.1\" 304 -\n","level":"info"}
{"message":"::1 - - [12/Feb/2019:20:15:56 +0000] \"GET /stylesheets/projectBoxes.css HTTP/1.1\" 304 -\n","level":"info"}
{"message":"::1 - - [12/Feb/2019:20:15:56 +0000] \"GET /stylesheets/working-experience.css HTTP/1.1\" 304 -\n","level":"info"}
{"message":"::1 - - [12/Feb/2019:20:15:56 +0000] \"GET /javascripts/jquery.js HTTP/1.1\" 304 -\n","level":"info"}
{"message":"::1 - - [12/Feb/2019:20:15:56 +0000] \"GET /images/Header.jpg HTTP/1.1\" 304 -\n","level":"info"}
{"message":"::1 - - [12/Feb/2019:20:15:56 +0000] \"GET /images/Arduino-collage.jpg HTTP/1.1\" 304 -\n","level":"info"}
{"message":"::1 - - [12/Feb/2019:20:15:57 +0000] \"GET /images/unity.jpg HTTP/1.1\" 304 -\n","level":"info"}
{"message":"::1 - - [12/Feb/2019:20:16:24 +0000] \"GET /workexperience HTTP/1.1\" 200 8480\n","level":"info"}
{"message":"::1 - - [12/Feb/2019:20:16:24 +0000] \"GET /stylesheets/bootstrap.css HTTP/1.1\" 304 -\n","level":"info"}
{"message":"::1 - - [12/Feb/2019:20:16:24 +0000] \"GET /stylesheets/style.css HTTP/1.1\" 304 -\n","level":"info"}
{"message":"::1 - - [12/Feb/2019:20:16:24 +0000] \"GET /stylesheets/bootstrap-grid.css HTTP/1.1\" 304 -\n","level":"info"}
{"message":"::1 - - [12/Feb/2019:20:16:24 +0000] \"GET /stylesheets/bootstrap-reboot.css HTTP/1.1\" 304 -\n","level":"info"}
{"message":"::1 - - [12/Feb/2019:20:16:24 +0000] \"GET /stylesheets/projectBoxes.css HTTP/1.1\" 304 -\n","level":"info"}
{"message":"::1 - - [12/Feb/2019:20:16:24 +0000] \"GET /stylesheets/working-experience.css HTTP/1.1\" 304 -\n","level":"info"}
{"message":"::1 - - [12/Feb/2019:20:16:24 +0000] \"GET /javascripts/jquery.js HTTP/1.1\" 304 -\n","level":"info"}
{"message":"::1 - - [12/Feb/2019:20:16:24 +0000] \"GET /images/Header.jpg HTTP/1.1\" 304 -\n","level":"info"}
{"message":"::1 - - [12/Feb/2019:20:16:24 +0000] \"GET /images/Arduino-collage.jpg HTTP/1.1\" 304 -\n","level":"info"}
{"message":"::1 - - [12/Feb/2019:20:16:24 +0000] \"GET /images/unity.jpg HTTP/1.1\" 304 -\n","level":"info"}
{"message":"::1 - - [12/Feb/2019:20:22:53 +0000] \"GET /workexperience HTTP/1.1\" 200 8694\n","level":"info"}
{"message":"::1 - - [12/Feb/2019:20:22:53 +0000] \"GET /stylesheets/bootstrap.css HTTP/1.1\" 304 -\n","level":"info"}
{"message":"::1 - - [12/Feb/2019:20:22:53 +0000] \"GET /stylesheets/style.css HTTP/1.1\" 304 -\n","level":"info"}
{"message":"::1 - - [12/Feb/2019:20:22:53 +0000] \"GET /stylesheets/bootstrap-grid.css HTTP/1.1\" 304 -\n","level":"info"}
{"message":"::1 - - [12/Feb/2019:20:22:53 +0000] \"GET /stylesheets/bootstrap-reboot.css HTTP/1.1\" 304 -\n","level":"info"}
{"message":"::1 - - [12/Feb/2019:20:22:53 +0000] \"GET /stylesheets/projectBoxes.css HTTP/1.1\" 304 -\n","level":"info"}
{"message":"::1 - - [12/Feb/2019:20:22:53 +0000] \"GET /stylesheets/working-experience.css HTTP/1.1\" 304 -\n","level":"info"}
{"message":"::1 - - [12/Feb/2019:20:22:53 +0000] \"GET /javascripts/jquery.js HTTP/1.1\" 304 -\n","level":"info"}
{"message":"::1 - - [12/Feb/2019:20:22:53 +0000] \"GET /images/Header.jpg HTTP/1.1\" 304 -\n","level":"info"}
{"message":"::1 - - [12/Feb/2019:20:22:53 +0000] \"GET /images/Arduino-collage.jpg HTTP/1.1\" 304 -\n","level":"info"}
{"message":"::1 - - [12/Feb/2019:20:22:53 +0000] \"GET /images/unity.jpg HTTP/1.1\" 304 -\n","level":"info"}
{"message":"::1 - - [12/Feb/2019:20:28:54 +0000] \"GET /workexperience HTTP/1.1\" 200 9179\n","level":"info"}
{"message":"::1 - - [12/Feb/2019:20:28:55 +0000] \"GET /stylesheets/bootstrap-grid.css HTTP/1.1\" 304 -\n","level":"info"}
{"message":"::1 - - [12/Feb/2019:20:28:55 +0000] \"GET /stylesheets/bootstrap.css HTTP/1.1\" 304 -\n","level":"info"}
{"message":"::1 - - [12/Feb/2019:20:28:55 +0000] \"GET /stylesheets/bootstrap-reboot.css HTTP/1.1\" 304 -\n","level":"info"}
{"message":"::1 - - [12/Feb/2019:20:28:55 +0000] \"GET /stylesheets/working-experience.css HTTP/1.1\" 304 -\n","level":"info"}
{"message":"::1 - - [12/Feb/2019:20:28:55 +0000] \"GET /stylesheets/projectBoxes.css HTTP/1.1\" 304 -\n","level":"info"}
{"message":"::1 - - [12/Feb/2019:20:28:55 +0000] \"GET /stylesheets/style.css HTTP/1.1\" 304 -\n","level":"info"}
{"message":"::1 - - [12/Feb/2019:20:28:55 +0000] \"GET /javascripts/jquery.js HTTP/1.1\" 304 -\n","level":"info"}
{"message":"::1 - - [12/Feb/2019:20:28:55 +0000] \"GET /images/Header.jpg HTTP/1.1\" 304 -\n","level":"info"}
{"message":"::1 - - [12/Feb/2019:20:28:55 +0000] \"GET /images/Arduino-collage.jpg HTTP/1.1\" 304 -\n","level":"info"}
{"message":"::1 - - [12/Feb/2019:20:28:55 +0000] \"GET /images/unity.jpg HTTP/1.1\" 304 -\n","level":"info"}
{"message":"::1 - - [12/Feb/2019:20:32:01 +0000] \"GET /workexperience HTTP/1.1\" 200 9488\n","level":"info"}
{"message":"::1 - - [12/Feb/2019:20:32:01 +0000] \"GET /stylesheets/bootstrap.css HTTP/1.1\" 304 -\n","level":"info"}
{"message":"::1 - - [12/Feb/2019:20:32:01 +0000] \"GET /stylesheets/style.css HTTP/1.1\" 304 -\n","level":"info"}
{"message":"::1 - - [12/Feb/2019:20:32:01 +0000] \"GET /stylesheets/bootstrap-grid.css HTTP/1.1\" 304 -\n","level":"info"}
{"message":"::1 - - [12/Feb/2019:20:32:01 +0000] \"GET /stylesheets/bootstrap-reboot.css HTTP/1.1\" 304 -\n","level":"info"}
{"message":"::1 - - [12/Feb/2019:20:32:01 +0000] \"GET /stylesheets/projectBoxes.css HTTP/1.1\" 304 -\n","level":"info"}
{"message":"::1 - - [12/Feb/2019:20:32:01 +0000] \"GET /stylesheets/working-experience.css HTTP/1.1\" 304 -\n","level":"info"}
{"message":"::1 - - [12/Feb/2019:20:32:01 +0000] \"GET /javascripts/jquery.js HTTP/1.1\" 304 -\n","level":"info"}
{"message":"::1 - - [12/Feb/2019:20:32:01 +0000] \"GET /images/Header.jpg HTTP/1.1\" 304 -\n","level":"info"}
{"message":"::1 - - [12/Feb/2019:20:32:02 +0000] \"GET /images/Arduino-collage.jpg HTTP/1.1\" 304 -\n","level":"info"}
{"message":"::1 - - [12/Feb/2019:20:32:02 +0000] \"GET /images/unity.jpg HTTP/1.1\" 304 -\n","level":"info"}
{"message":"::1 - - [12/Feb/2019:20:32:24 +0000] \"GET /projects HTTP/1.1\" 200 13753\n","level":"info"}
{"message":"::1 - - [12/Feb/2019:20:32:24 +0000] \"GET /stylesheets/bootstrap.css HTTP/1.1\" 304 -\n","level":"info"}
{"message":"::1 - - [12/Feb/2019:20:32:24 +0000] \"GET /stylesheets/projectBoxes.css HTTP/1.1\" 304 -\n","level":"info"}
{"message":"::1 - - [12/Feb/2019:20:32:24 +0000] \"GET /stylesheets/bootstrap-grid.css HTTP/1.1\" 304 -\n","level":"info"}
{"message":"::1 - - [12/Feb/2019:20:32:24 +0000] \"GET /stylesheets/bootstrap-reboot.css HTTP/1.1\" 304 -\n","level":"info"}
{"message":"::1 - - [12/Feb/2019:20:32:24 +0000] \"GET /javascripts/jquery.js HTTP/1.1\" 304 -\n","level":"info"}
{"message":"::1 - - [12/Feb/2019:20:32:24 +0000] \"GET /stylesheets/style.css HTTP/1.1\" 304 -\n","level":"info"}
{"message":"::1 - - [12/Feb/2019:20:32:24 +0000] \"GET /javascripts/video.js HTTP/1.1\" 200 112\n","level":"info"}
{"message":"::1 - - [12/Feb/2019:20:32:25 +0000] \"GET /images/Header.jpg HTTP/1.1\" 304 -\n","level":"info"}
{"message":"::1 - - [12/Feb/2019:20:32:25 +0000] \"GET /images/fastdining.png HTTP/1.1\" 200 336305\n","level":"info"}
{"message":"::1 - - [12/Feb/2019:20:32:25 +0000] \"GET /images/RayTracerScreenshot.png HTTP/1.1\" 200 130779\n","level":"info"}
{"message":"::1 - - [12/Feb/2019:20:32:25 +0000] \"GET /images/handDet.jpg HTTP/1.1\" 200 78411\n","level":"info"}
{"message":"::1 - - [12/Feb/2019:20:32:25 +0000] \"GET /images/Portfolio.jpg HTTP/1.1\" 200 258931\n","level":"info"}
{"message":"::1 - - [12/Feb/2019:20:32:25 +0000] \"GET /images/Larry.png HTTP/1.1\" 200 641343\n","level":"info"}
{"message":"::1 - - [12/Feb/2019:20:32:25 +0000] \"GET /images/WaistBag.jpg HTTP/1.1\" 200 573784\n","level":"info"}
